app/build/intermediates/manifest_merge_blame_file/debug/manifest-merger-blame-debug-report.txt
1<?xml version="1.0" encoding="utf-8"?>
2<manifest xmlns:android="http://schemas.android.com/apk/res/android"
3    package="com.example.mueveteuq_podometro"
4    android:versionCode="1"
5    android:versionName="1.0" >
6
7    <uses-sdk
8        android:minSdkVersion="21"
8-->src\main\AndroidManifest.xml
9        android:targetSdkVersion="29" />
9-->src\main\AndroidManifest.xml
10
11    <uses-permission android:name="android.permission.ACCESS_FINE_LOCATION" />
11-->src\main\AndroidManifest.xml:6:5-79
11-->src\main\AndroidManifest.xml:6:22-76
12    <uses-permission android:name="android.permission.ACCESS_COARSE_LOCATION" />
12-->src\main\AndroidManifest.xml:7:5-81
12-->src\main\AndroidManifest.xml:7:22-78
13    <uses-permission android:name="android.permission.INTERNET" />
13-->src\main\AndroidManifest.xml:9:5-67
13-->src\main\AndroidManifest.xml:9:22-64
14    <uses-permission android:name="android.permission.ACCESS_NETWORK_STATE" />
14-->src\main\AndroidManifest.xml:10:5-79
14-->src\main\AndroidManifest.xml:10:22-76
15
16    <uses-feature
16-->[com.google.android.gms:play-services-maps:16.1.0] AndroidManifest.xml:26:5-28:35
17        android:glEsVersion="0x00020000"
17-->[com.google.android.gms:play-services-maps:16.1.0] AndroidManifest.xml:27:9-41
18        android:required="true" />
18-->[com.google.android.gms:play-services-maps:16.1.0] AndroidManifest.xml:28:9-32
19
20    <application
20-->src\main\AndroidManifest.xml:13:5-62:19
21        android:allowBackup="true"
21-->src\main\AndroidManifest.xml:14:9-35
22        android:appComponentFactory="androidx.core.app.CoreComponentFactory"
22-->[androidx.core:core:1.0.1] AndroidManifest.xml:22:18-86
23        android:debuggable="true"
24        android:icon="@mipmap/ic_launcher"
24-->src\main\AndroidManifest.xml:15:9-43
25        android:label="@string/app_name"
25-->src\main\AndroidManifest.xml:16:9-41
26        android:roundIcon="@mipmap/ic_launcher_round"
26-->src\main\AndroidManifest.xml:17:9-54
27        android:supportsRtl="true"
27-->src\main\AndroidManifest.xml:18:9-35
28        android:testOnly="true"
29        android:theme="@style/AppTheme" >
29-->src\main\AndroidManifest.xml:19:9-40
30        <receiver
30-->src\main\AndroidManifest.xml:20:9-29:20
31            android:name="com.example.mueveteuq_podometro.broadcast.RestarService"
31-->src\main\AndroidManifest.xml:20:19-58
32            android:enabled="true"
32-->src\main\AndroidManifest.xml:22:13-35
33            android:exported="true" >
33-->src\main\AndroidManifest.xml:21:13-36
34            <intent-filter>
34-->src\main\AndroidManifest.xml:23:13-28:29
35                <action android:name="com.example.mueveteuq_podometro.MYACTION" />
35-->src\main\AndroidManifest.xml:24:17-82
35-->src\main\AndroidManifest.xml:24:25-80
36                <action android:name="android.intent.action.BOOT_COMPLETED" />
36-->src\main\AndroidManifest.xml:25:17-78
36-->src\main\AndroidManifest.xml:25:25-76
37                <action android:name="android.intent.action.ACTION_REBOOT" />
37-->src\main\AndroidManifest.xml:26:17-77
37-->src\main\AndroidManifest.xml:26:25-75
38                <action android:name="android.intent.action.ACTION_USER_INITIALIZE" />
38-->src\main\AndroidManifest.xml:27:17-86
38-->src\main\AndroidManifest.xml:27:25-84
39            </intent-filter>
40        </receiver>
41
42        <service
42-->src\main\AndroidManifest.xml:30:9-33:75
43            android:name="com.example.mueveteuq_podometro.service.LocationService"
43-->src\main\AndroidManifest.xml:30:18-57
44            android:enabled="true"
44-->src\main\AndroidManifest.xml:31:13-35
45            android:exported="true"
45-->src\main\AndroidManifest.xml:32:13-36
46            android:permission="android.permission.ACCESS_FINE_LOCATION" />
46-->src\main\AndroidManifest.xml:33:13-73
47
48        <activity
48-->src\main\AndroidManifest.xml:34:9-43:20
49            android:name="com.example.mueveteuq_podometro.activities.MainActivity"
49-->src\main\AndroidManifest.xml:34:19-58
50            android:screenOrientation="portrait" >
50-->src\main\AndroidManifest.xml:35:13-49
51            <intent-filter>
51-->src\main\AndroidManifest.xml:37:13-41:29
52                <action android:name="android.intent.action.MAIN" />
52-->src\main\AndroidManifest.xml:38:17-69
52-->src\main\AndroidManifest.xml:38:25-66
53
54                <category android:name="android.intent.category.LAUNCHER" />
54-->src\main\AndroidManifest.xml:40:17-77
54-->src\main\AndroidManifest.xml:40:27-74
55            </intent-filter>
56        </activity>
57        <!--
58             The API key for Google Maps-based APIs is defined as a string resource.
59             (See the file "res/values/google_maps_api.xml").
60             Note that the API key is linked to the encryption key used to sign the APK.
61             You need a different API key for each encryption key, including the release key that is used to
62             sign the APK for publishing.
63             You can define the keys for the debug and release targets in src/debug/ and src/release/.
64        -->
65        <meta-data
65-->src\main\AndroidManifest.xml:52:9-54:55
66            android:name="com.google.android.geo.API_KEY"
66-->src\main\AndroidManifest.xml:53:13-58
67            android:value="@string/google_maps_key" />
67-->src\main\AndroidManifest.xml:54:13-52
68
69        <activity
69-->src\main\AndroidManifest.xml:56:9-61:20
70            android:name="com.example.mueveteuq_podometro.activities.MapsActivity"
70-->src\main\AndroidManifest.xml:57:13-52
71            android:label="@string/title_activity_maps" >
71-->src\main\AndroidManifest.xml:58:13-56
72        </activity>
73        <!-- Needs to be explicitly declared on P+ -->
74        <uses-library
74-->[com.google.android.gms:play-services-maps:16.1.0] AndroidManifest.xml:33:9-35:40
75            android:name="org.apache.http.legacy"
75-->[com.google.android.gms:play-services-maps:16.1.0] AndroidManifest.xml:34:13-50
76            android:required="false" />
76-->[com.google.android.gms:play-services-maps:16.1.0] AndroidManifest.xml:35:13-37
77
78        <activity
78-->[com.google.android.gms:play-services-base:16.0.1] AndroidManifest.xml:23:9-26:75
79            android:name="com.google.android.gms.common.api.GoogleApiActivity"
79-->[com.google.android.gms:play-services-base:16.0.1] AndroidManifest.xml:24:13-79
80            android:exported="false"
80-->[com.google.android.gms:play-services-base:16.0.1] AndroidManifest.xml:25:13-37
81            android:theme="@android:style/Theme.Translucent.NoTitleBar" />
81-->[com.google.android.gms:play-services-base:16.0.1] AndroidManifest.xml:26:13-72
82
83        <meta-data
83-->[com.google.android.gms:play-services-basement:16.0.1] AndroidManifest.xml:23:9-25:69
84            android:name="com.google.android.gms.version"
84-->[com.google.android.gms:play-services-basement:16.0.1] AndroidManifest.xml:24:13-58
85            android:value="@integer/google_play_services_version" />
85-->[com.google.android.gms:play-services-basement:16.0.1] AndroidManifest.xml:25:13-66
86    </application>
87
88</manifest>